19-May-2015 06:24:09.317 INFO [main] org.apache.catalina.startup.VersionLoggerListener.log Server version:        Apache Tomcat/8.0.20
19-May-2015 06:24:09.321 INFO [main] org.apache.catalina.startup.VersionLoggerListener.log Server built:          Feb 15 2015 18:10:42 UTC
19-May-2015 06:24:09.321 INFO [main] org.apache.catalina.startup.VersionLoggerListener.log Server number:         8.0.20.0
19-May-2015 06:24:09.322 INFO [main] org.apache.catalina.startup.VersionLoggerListener.log OS Name:               Mac OS X
19-May-2015 06:24:09.322 INFO [main] org.apache.catalina.startup.VersionLoggerListener.log OS Version:            10.9.5
19-May-2015 06:24:09.322 INFO [main] org.apache.catalina.startup.VersionLoggerListener.log Architecture:          x86_64
19-May-2015 06:24:09.323 INFO [main] org.apache.catalina.startup.VersionLoggerListener.log Java Home:             /Library/Java/JavaVirtualMachines/jdk1.7.0_51.jdk/Contents/Home/jre
19-May-2015 06:24:09.323 INFO [main] org.apache.catalina.startup.VersionLoggerListener.log JVM Version:           1.7.0_51-b13
19-May-2015 06:24:09.323 INFO [main] org.apache.catalina.startup.VersionLoggerListener.log JVM Vendor:            Oracle Corporation
19-May-2015 06:24:09.324 INFO [main] org.apache.catalina.startup.VersionLoggerListener.log CATALINA_BASE:         /Users/hannes/ownCloud/software and security/trainings/attacat-8666
19-May-2015 06:24:09.324 INFO [main] org.apache.catalina.startup.VersionLoggerListener.log CATALINA_HOME:         /Users/hannes/ownCloud/software and security/trainings/attacat-8666
19-May-2015 06:24:09.325 INFO [main] org.apache.catalina.startup.VersionLoggerListener.log Command line argument: -Djava.util.logging.config.file=/Users/hannes/ownCloud/software and security/trainings/attacat-8666/conf/logging.properties
19-May-2015 06:24:09.325 INFO [main] org.apache.catalina.startup.VersionLoggerListener.log Command line argument: -Djava.util.logging.manager=org.apache.juli.ClassLoaderLogManager
19-May-2015 06:24:09.325 INFO [main] org.apache.catalina.startup.VersionLoggerListener.log Command line argument: -Djava.endorsed.dirs=/Users/hannes/ownCloud/software and security/trainings/attacat-8666/endorsed
19-May-2015 06:24:09.326 INFO [main] org.apache.catalina.startup.VersionLoggerListener.log Command line argument: -Dcatalina.base=/Users/hannes/ownCloud/software and security/trainings/attacat-8666
19-May-2015 06:24:09.326 INFO [main] org.apache.catalina.startup.VersionLoggerListener.log Command line argument: -Dcatalina.home=/Users/hannes/ownCloud/software and security/trainings/attacat-8666
19-May-2015 06:24:09.326 INFO [main] org.apache.catalina.startup.VersionLoggerListener.log Command line argument: -Djava.io.tmpdir=/Users/hannes/ownCloud/software and security/trainings/attacat-8666/temp
19-May-2015 06:24:09.326 INFO [main] org.apache.catalina.core.AprLifecycleListener.lifecycleEvent The APR based Apache Tomcat Native library which allows optimal performance in production environments was not found on the java.library.path: /Users/hannes/Library/Java/Extensions:/Library/Java/Extensions:/Network/Library/Java/Extensions:/System/Library/Java/Extensions:/usr/lib/java:.
19-May-2015 06:24:10.216 INFO [main] org.apache.coyote.AbstractProtocol.init Initializing ProtocolHandler ["http-nio-8666"]
19-May-2015 06:24:10.265 INFO [main] org.apache.tomcat.util.net.NioSelectorPool.getSharedSelector Using a shared selector for servlet write/read
19-May-2015 06:24:10.270 INFO [main] org.apache.coyote.AbstractProtocol.init Initializing ProtocolHandler ["ajp-nio-8009"]
19-May-2015 06:24:10.274 INFO [main] org.apache.tomcat.util.net.NioSelectorPool.getSharedSelector Using a shared selector for servlet write/read
19-May-2015 06:24:10.274 INFO [main] org.apache.catalina.startup.Catalina.load Initialization processed in 2372 ms
19-May-2015 06:24:10.328 INFO [main] org.apache.catalina.core.StandardService.startInternal Starting service Catalina
19-May-2015 06:24:10.328 INFO [main] org.apache.catalina.core.StandardEngine.startInternal Starting Servlet Engine: Apache Tomcat/8.0.20
19-May-2015 06:24:10.343 INFO [localhost-startStop-1] org.apache.catalina.startup.HostConfig.deployDirectory Deploying web application directory /Users/hannes/ownCloud/software and security/trainings/attacat-8666/webapps/cors
19-May-2015 06:24:12.364 INFO [localhost-startStop-1] org.apache.catalina.util.SessionIdGeneratorBase.createSecureRandom Creation of SecureRandom instance for session ID generation using [SHA1PRNG] took [330] milliseconds.
19-May-2015 06:24:12.399 INFO [localhost-startStop-1] org.apache.catalina.startup.HostConfig.deployDirectory Deployment of web application directory /Users/hannes/ownCloud/software and security/trainings/attacat-8666/webapps/cors has finished in 2,056 ms
19-May-2015 06:24:12.400 INFO [localhost-startStop-1] org.apache.catalina.startup.HostConfig.deployDirectory Deploying web application directory /Users/hannes/ownCloud/software and security/trainings/attacat-8666/webapps/jack
19-May-2015 06:24:12.483 INFO [localhost-startStop-1] org.apache.catalina.startup.HostConfig.deployDirectory Deployment of web application directory /Users/hannes/ownCloud/software and security/trainings/attacat-8666/webapps/jack has finished in 83 ms
19-May-2015 06:24:12.484 INFO [localhost-startStop-1] org.apache.catalina.startup.HostConfig.deployDirectory Deploying web application directory /Users/hannes/ownCloud/software and security/trainings/attacat-8666/webapps/logger
19-May-2015 06:24:12.554 INFO [localhost-startStop-1] org.apache.catalina.startup.HostConfig.deployDirectory Deployment of web application directory /Users/hannes/ownCloud/software and security/trainings/attacat-8666/webapps/logger has finished in 70 ms
19-May-2015 06:24:12.554 INFO [localhost-startStop-1] org.apache.catalina.startup.HostConfig.deployDirectory Deploying web application directory /Users/hannes/ownCloud/software and security/trainings/attacat-8666/webapps/ROOT
19-May-2015 06:24:12.762 INFO [localhost-startStop-1] org.apache.catalina.startup.HostConfig.deployDirectory Deployment of web application directory /Users/hannes/ownCloud/software and security/trainings/attacat-8666/webapps/ROOT has finished in 207 ms
19-May-2015 06:24:12.762 INFO [localhost-startStop-1] org.apache.catalina.startup.HostConfig.deployDirectory Deploying web application directory /Users/hannes/ownCloud/software and security/trainings/attacat-8666/webapps/surfer
19-May-2015 06:24:12.863 INFO [localhost-startStop-1] org.apache.catalina.startup.HostConfig.deployDirectory Deployment of web application directory /Users/hannes/ownCloud/software and security/trainings/attacat-8666/webapps/surfer has finished in 101 ms
19-May-2015 06:24:12.863 INFO [localhost-startStop-1] org.apache.catalina.startup.HostConfig.deployDirectory Deploying web application directory /Users/hannes/ownCloud/software and security/trainings/attacat-8666/webapps/xss
19-May-2015 06:24:12.922 INFO [localhost-startStop-1] org.apache.catalina.startup.HostConfig.deployDirectory Deployment of web application directory /Users/hannes/ownCloud/software and security/trainings/attacat-8666/webapps/xss has finished in 58 ms
19-May-2015 06:24:12.928 INFO [main] org.apache.coyote.AbstractProtocol.start Starting ProtocolHandler ["http-nio-8666"]
19-May-2015 06:24:12.938 INFO [main] org.apache.coyote.AbstractProtocol.start Starting ProtocolHandler ["ajp-nio-8009"]
19-May-2015 06:24:12.939 INFO [main] org.apache.catalina.startup.Catalina.start Server startup in 2664 ms
