17-Mar-2015 18:02:26.820 INFO [main] org.apache.catalina.startup.VersionLoggerListener.log Server version:        Apache Tomcat/8.0.20
17-Mar-2015 18:02:26.850 INFO [main] org.apache.catalina.startup.VersionLoggerListener.log Server built:          Feb 15 2015 18:10:42 UTC
17-Mar-2015 18:02:26.850 INFO [main] org.apache.catalina.startup.VersionLoggerListener.log Server number:         8.0.20.0
17-Mar-2015 18:02:26.850 INFO [main] org.apache.catalina.startup.VersionLoggerListener.log OS Name:               Mac OS X
17-Mar-2015 18:02:26.851 INFO [main] org.apache.catalina.startup.VersionLoggerListener.log OS Version:            10.9.5
17-Mar-2015 18:02:26.851 INFO [main] org.apache.catalina.startup.VersionLoggerListener.log Architecture:          x86_64
17-Mar-2015 18:02:26.851 INFO [main] org.apache.catalina.startup.VersionLoggerListener.log Java Home:             /Library/Java/JavaVirtualMachines/jdk1.7.0_51.jdk/Contents/Home/jre
17-Mar-2015 18:02:26.851 INFO [main] org.apache.catalina.startup.VersionLoggerListener.log JVM Version:           1.7.0_51-b13
17-Mar-2015 18:02:26.851 INFO [main] org.apache.catalina.startup.VersionLoggerListener.log JVM Vendor:            Oracle Corporation
17-Mar-2015 18:02:26.851 INFO [main] org.apache.catalina.startup.VersionLoggerListener.log CATALINA_BASE:         /Users/hannes/ownCloud/software and security/trainings/attacat-8666
17-Mar-2015 18:02:26.851 INFO [main] org.apache.catalina.startup.VersionLoggerListener.log CATALINA_HOME:         /Users/hannes/ownCloud/software and security/trainings/attacat-8666
17-Mar-2015 18:02:26.852 INFO [main] org.apache.catalina.startup.VersionLoggerListener.log Command line argument: -Djava.util.logging.config.file=/Users/hannes/ownCloud/software and security/trainings/attacat-8666/conf/logging.properties
17-Mar-2015 18:02:26.852 INFO [main] org.apache.catalina.startup.VersionLoggerListener.log Command line argument: -Djava.util.logging.manager=org.apache.juli.ClassLoaderLogManager
17-Mar-2015 18:02:26.853 INFO [main] org.apache.catalina.startup.VersionLoggerListener.log Command line argument: -Djava.endorsed.dirs=/Users/hannes/ownCloud/software and security/trainings/attacat-8666/endorsed
17-Mar-2015 18:02:26.853 INFO [main] org.apache.catalina.startup.VersionLoggerListener.log Command line argument: -Dcatalina.base=/Users/hannes/ownCloud/software and security/trainings/attacat-8666
17-Mar-2015 18:02:26.853 INFO [main] org.apache.catalina.startup.VersionLoggerListener.log Command line argument: -Dcatalina.home=/Users/hannes/ownCloud/software and security/trainings/attacat-8666
17-Mar-2015 18:02:26.853 INFO [main] org.apache.catalina.startup.VersionLoggerListener.log Command line argument: -Djava.io.tmpdir=/Users/hannes/ownCloud/software and security/trainings/attacat-8666/temp
17-Mar-2015 18:02:26.853 INFO [main] org.apache.catalina.core.AprLifecycleListener.lifecycleEvent The APR based Apache Tomcat Native library which allows optimal performance in production environments was not found on the java.library.path: /Users/hannes/Library/Java/Extensions:/Library/Java/Extensions:/Network/Library/Java/Extensions:/System/Library/Java/Extensions:/usr/lib/java:.
17-Mar-2015 18:02:27.313 INFO [main] org.apache.coyote.AbstractProtocol.init Initializing ProtocolHandler ["http-nio-8666"]
17-Mar-2015 18:02:27.396 INFO [main] org.apache.tomcat.util.net.NioSelectorPool.getSharedSelector Using a shared selector for servlet write/read
17-Mar-2015 18:02:27.417 INFO [main] org.apache.coyote.AbstractProtocol.init Initializing ProtocolHandler ["ajp-nio-8009"]
17-Mar-2015 18:02:27.428 INFO [main] org.apache.tomcat.util.net.NioSelectorPool.getSharedSelector Using a shared selector for servlet write/read
17-Mar-2015 18:02:27.446 INFO [main] org.apache.catalina.startup.Catalina.load Initialization processed in 2409 ms
17-Mar-2015 18:02:27.569 INFO [main] org.apache.catalina.core.StandardService.startInternal Starting service Catalina
17-Mar-2015 18:02:27.569 INFO [main] org.apache.catalina.core.StandardEngine.startInternal Starting Servlet Engine: Apache Tomcat/8.0.20
17-Mar-2015 18:02:27.588 INFO [localhost-startStop-1] org.apache.catalina.startup.HostConfig.deployDirectory Deploying web application directory /Users/hannes/ownCloud/software and security/trainings/attacat-8666/webapps/cors
17-Mar-2015 18:02:28.898 INFO [localhost-startStop-1] org.apache.catalina.util.SessionIdGeneratorBase.createSecureRandom Creation of SecureRandom instance for session ID generation using [SHA1PRNG] took [307] milliseconds.
17-Mar-2015 18:02:28.938 INFO [localhost-startStop-1] org.apache.catalina.startup.HostConfig.deployDirectory Deployment of web application directory /Users/hannes/ownCloud/software and security/trainings/attacat-8666/webapps/cors has finished in 1,350 ms
17-Mar-2015 18:02:28.938 INFO [localhost-startStop-1] org.apache.catalina.startup.HostConfig.deployDirectory Deploying web application directory /Users/hannes/ownCloud/software and security/trainings/attacat-8666/webapps/jack
17-Mar-2015 18:02:29.051 INFO [localhost-startStop-1] org.apache.catalina.startup.HostConfig.deployDirectory Deployment of web application directory /Users/hannes/ownCloud/software and security/trainings/attacat-8666/webapps/jack has finished in 113 ms
17-Mar-2015 18:02:29.052 INFO [localhost-startStop-1] org.apache.catalina.startup.HostConfig.deployDirectory Deploying web application directory /Users/hannes/ownCloud/software and security/trainings/attacat-8666/webapps/logger
17-Mar-2015 18:02:29.106 INFO [localhost-startStop-1] org.apache.catalina.startup.HostConfig.deployDirectory Deployment of web application directory /Users/hannes/ownCloud/software and security/trainings/attacat-8666/webapps/logger has finished in 54 ms
17-Mar-2015 18:02:29.107 INFO [localhost-startStop-1] org.apache.catalina.startup.HostConfig.deployDirectory Deploying web application directory /Users/hannes/ownCloud/software and security/trainings/attacat-8666/webapps/ROOT
17-Mar-2015 18:02:29.164 INFO [localhost-startStop-1] org.apache.catalina.startup.HostConfig.deployDirectory Deployment of web application directory /Users/hannes/ownCloud/software and security/trainings/attacat-8666/webapps/ROOT has finished in 56 ms
17-Mar-2015 18:02:29.164 INFO [localhost-startStop-1] org.apache.catalina.startup.HostConfig.deployDirectory Deploying web application directory /Users/hannes/ownCloud/software and security/trainings/attacat-8666/webapps/surfer
17-Mar-2015 18:02:29.217 INFO [localhost-startStop-1] org.apache.catalina.startup.HostConfig.deployDirectory Deployment of web application directory /Users/hannes/ownCloud/software and security/trainings/attacat-8666/webapps/surfer has finished in 52 ms
17-Mar-2015 18:02:29.217 INFO [localhost-startStop-1] org.apache.catalina.startup.HostConfig.deployDirectory Deploying web application directory /Users/hannes/ownCloud/software and security/trainings/attacat-8666/webapps/xss
17-Mar-2015 18:02:29.273 INFO [localhost-startStop-1] org.apache.catalina.startup.HostConfig.deployDirectory Deployment of web application directory /Users/hannes/ownCloud/software and security/trainings/attacat-8666/webapps/xss has finished in 55 ms
17-Mar-2015 18:02:29.279 INFO [main] org.apache.coyote.AbstractProtocol.start Starting ProtocolHandler ["http-nio-8666"]
17-Mar-2015 18:02:29.293 INFO [main] org.apache.coyote.AbstractProtocol.start Starting ProtocolHandler ["ajp-nio-8009"]
17-Mar-2015 18:02:29.294 INFO [main] org.apache.catalina.startup.Catalina.start Server startup in 1847 ms
