04-Mar-2015 18:37:09.634 INFO [main] org.apache.catalina.startup.VersionLoggerListener.log Server version:        Apache Tomcat/8.0.20
04-Mar-2015 18:37:09.641 INFO [main] org.apache.catalina.startup.VersionLoggerListener.log Server built:          Feb 15 2015 18:10:42 UTC
04-Mar-2015 18:37:09.641 INFO [main] org.apache.catalina.startup.VersionLoggerListener.log Server number:         8.0.20.0
04-Mar-2015 18:37:09.641 INFO [main] org.apache.catalina.startup.VersionLoggerListener.log OS Name:               Mac OS X
04-Mar-2015 18:37:09.642 INFO [main] org.apache.catalina.startup.VersionLoggerListener.log OS Version:            10.9.5
04-Mar-2015 18:37:09.642 INFO [main] org.apache.catalina.startup.VersionLoggerListener.log Architecture:          x86_64
04-Mar-2015 18:37:09.642 INFO [main] org.apache.catalina.startup.VersionLoggerListener.log Java Home:             /Library/Java/JavaVirtualMachines/jdk1.7.0_51.jdk/Contents/Home/jre
04-Mar-2015 18:37:09.643 INFO [main] org.apache.catalina.startup.VersionLoggerListener.log JVM Version:           1.7.0_51-b13
04-Mar-2015 18:37:09.643 INFO [main] org.apache.catalina.startup.VersionLoggerListener.log JVM Vendor:            Oracle Corporation
04-Mar-2015 18:37:09.643 INFO [main] org.apache.catalina.startup.VersionLoggerListener.log CATALINA_BASE:         /Users/hannes/ownCloud/software and security/trainings/evil-tomcat-8.0.20
04-Mar-2015 18:37:09.644 INFO [main] org.apache.catalina.startup.VersionLoggerListener.log CATALINA_HOME:         /Users/hannes/ownCloud/software and security/trainings/evil-tomcat-8.0.20
04-Mar-2015 18:37:09.645 INFO [main] org.apache.catalina.startup.VersionLoggerListener.log Command line argument: -Djava.util.logging.config.file=/Users/hannes/ownCloud/software and security/trainings/evil-tomcat-8.0.20/conf/logging.properties
04-Mar-2015 18:37:09.645 INFO [main] org.apache.catalina.startup.VersionLoggerListener.log Command line argument: -Djava.util.logging.manager=org.apache.juli.ClassLoaderLogManager
04-Mar-2015 18:37:09.646 INFO [main] org.apache.catalina.startup.VersionLoggerListener.log Command line argument: -Djava.endorsed.dirs=/Users/hannes/ownCloud/software and security/trainings/evil-tomcat-8.0.20/endorsed
04-Mar-2015 18:37:09.646 INFO [main] org.apache.catalina.startup.VersionLoggerListener.log Command line argument: -Dcatalina.base=/Users/hannes/ownCloud/software and security/trainings/evil-tomcat-8.0.20
04-Mar-2015 18:37:09.646 INFO [main] org.apache.catalina.startup.VersionLoggerListener.log Command line argument: -Dcatalina.home=/Users/hannes/ownCloud/software and security/trainings/evil-tomcat-8.0.20
04-Mar-2015 18:37:09.647 INFO [main] org.apache.catalina.startup.VersionLoggerListener.log Command line argument: -Djava.io.tmpdir=/Users/hannes/ownCloud/software and security/trainings/evil-tomcat-8.0.20/temp
04-Mar-2015 18:37:09.647 INFO [main] org.apache.catalina.core.AprLifecycleListener.lifecycleEvent The APR based Apache Tomcat Native library which allows optimal performance in production environments was not found on the java.library.path: /Users/hannes/Library/Java/Extensions:/Library/Java/Extensions:/Network/Library/Java/Extensions:/System/Library/Java/Extensions:/usr/lib/java:.
04-Mar-2015 18:37:10.380 INFO [main] org.apache.coyote.AbstractProtocol.init Initializing ProtocolHandler ["http-nio-8666"]
04-Mar-2015 18:37:10.438 INFO [main] org.apache.tomcat.util.net.NioSelectorPool.getSharedSelector Using a shared selector for servlet write/read
04-Mar-2015 18:37:10.447 INFO [main] org.apache.coyote.AbstractProtocol.init Initializing ProtocolHandler ["ajp-nio-8009"]
04-Mar-2015 18:37:10.450 INFO [main] org.apache.tomcat.util.net.NioSelectorPool.getSharedSelector Using a shared selector for servlet write/read
04-Mar-2015 18:37:10.451 INFO [main] org.apache.catalina.startup.Catalina.load Initialization processed in 3036 ms
04-Mar-2015 18:37:10.521 INFO [main] org.apache.catalina.core.StandardService.startInternal Starting service Catalina
04-Mar-2015 18:37:10.522 INFO [main] org.apache.catalina.core.StandardEngine.startInternal Starting Servlet Engine: Apache Tomcat/8.0.20
04-Mar-2015 18:37:10.548 INFO [localhost-startStop-1] org.apache.catalina.startup.HostConfig.deployDirectory Deploying web application directory /Users/hannes/ownCloud/software and security/trainings/evil-tomcat-8.0.20/webapps/docs
04-Mar-2015 18:37:11.911 INFO [localhost-startStop-1] org.apache.catalina.util.SessionIdGeneratorBase.createSecureRandom Creation of SecureRandom instance for session ID generation using [SHA1PRNG] took [362] milliseconds.
04-Mar-2015 18:37:11.957 INFO [localhost-startStop-1] org.apache.catalina.startup.HostConfig.deployDirectory Deployment of web application directory /Users/hannes/ownCloud/software and security/trainings/evil-tomcat-8.0.20/webapps/docs has finished in 1,408 ms
04-Mar-2015 18:37:11.957 INFO [localhost-startStop-1] org.apache.catalina.startup.HostConfig.deployDirectory Deploying web application directory /Users/hannes/ownCloud/software and security/trainings/evil-tomcat-8.0.20/webapps/examples
04-Mar-2015 18:37:13.113 INFO [localhost-startStop-1] org.apache.catalina.startup.HostConfig.deployDirectory Deployment of web application directory /Users/hannes/ownCloud/software and security/trainings/evil-tomcat-8.0.20/webapps/examples has finished in 1,156 ms
04-Mar-2015 18:37:13.113 INFO [localhost-startStop-1] org.apache.catalina.startup.HostConfig.deployDirectory Deploying web application directory /Users/hannes/ownCloud/software and security/trainings/evil-tomcat-8.0.20/webapps/host-manager
04-Mar-2015 18:37:13.214 INFO [localhost-startStop-1] org.apache.catalina.startup.HostConfig.deployDirectory Deployment of web application directory /Users/hannes/ownCloud/software and security/trainings/evil-tomcat-8.0.20/webapps/host-manager has finished in 101 ms
04-Mar-2015 18:37:13.215 INFO [localhost-startStop-1] org.apache.catalina.startup.HostConfig.deployDirectory Deploying web application directory /Users/hannes/ownCloud/software and security/trainings/evil-tomcat-8.0.20/webapps/manager
04-Mar-2015 18:37:13.269 INFO [localhost-startStop-1] org.apache.catalina.startup.HostConfig.deployDirectory Deployment of web application directory /Users/hannes/ownCloud/software and security/trainings/evil-tomcat-8.0.20/webapps/manager has finished in 54 ms
04-Mar-2015 18:37:13.269 INFO [localhost-startStop-1] org.apache.catalina.startup.HostConfig.deployDirectory Deploying web application directory /Users/hannes/ownCloud/software and security/trainings/evil-tomcat-8.0.20/webapps/ROOT
04-Mar-2015 18:37:13.330 INFO [localhost-startStop-1] org.apache.catalina.startup.HostConfig.deployDirectory Deployment of web application directory /Users/hannes/ownCloud/software and security/trainings/evil-tomcat-8.0.20/webapps/ROOT has finished in 60 ms
04-Mar-2015 18:37:13.338 INFO [main] org.apache.coyote.AbstractProtocol.start Starting ProtocolHandler ["http-nio-8666"]
04-Mar-2015 18:37:13.352 INFO [main] org.apache.coyote.AbstractProtocol.start Starting ProtocolHandler ["ajp-nio-8009"]
04-Mar-2015 18:37:13.354 INFO [main] org.apache.catalina.startup.Catalina.start Server startup in 2901 ms
04-Mar-2015 18:37:41.599 INFO [main] org.apache.catalina.core.StandardServer.await A valid shutdown command was received via the shutdown port. Stopping the Server instance.
04-Mar-2015 18:37:41.600 INFO [main] org.apache.coyote.AbstractProtocol.pause Pausing ProtocolHandler ["http-nio-8666"]
04-Mar-2015 18:37:41.654 INFO [main] org.apache.coyote.AbstractProtocol.pause Pausing ProtocolHandler ["ajp-nio-8009"]
04-Mar-2015 18:37:41.655 INFO [main] org.apache.catalina.core.StandardService.stopInternal Stopping service Catalina
04-Mar-2015 18:37:41.743 INFO [main] org.apache.coyote.AbstractProtocol.stop Stopping ProtocolHandler ["http-nio-8666"]
04-Mar-2015 18:37:41.750 INFO [main] org.apache.coyote.AbstractProtocol.stop Stopping ProtocolHandler ["ajp-nio-8009"]
04-Mar-2015 18:37:41.751 INFO [main] org.apache.coyote.AbstractProtocol.destroy Destroying ProtocolHandler ["http-nio-8666"]
04-Mar-2015 18:37:41.752 INFO [main] org.apache.coyote.AbstractProtocol.destroy Destroying ProtocolHandler ["ajp-nio-8009"]
04-Mar-2015 18:37:55.016 INFO [main] org.apache.catalina.startup.VersionLoggerListener.log Server version:        Apache Tomcat/8.0.20
04-Mar-2015 18:37:55.019 INFO [main] org.apache.catalina.startup.VersionLoggerListener.log Server built:          Feb 15 2015 18:10:42 UTC
04-Mar-2015 18:37:55.019 INFO [main] org.apache.catalina.startup.VersionLoggerListener.log Server number:         8.0.20.0
04-Mar-2015 18:37:55.020 INFO [main] org.apache.catalina.startup.VersionLoggerListener.log OS Name:               Mac OS X
04-Mar-2015 18:37:55.020 INFO [main] org.apache.catalina.startup.VersionLoggerListener.log OS Version:            10.9.5
04-Mar-2015 18:37:55.020 INFO [main] org.apache.catalina.startup.VersionLoggerListener.log Architecture:          x86_64
04-Mar-2015 18:37:55.021 INFO [main] org.apache.catalina.startup.VersionLoggerListener.log Java Home:             /Library/Java/JavaVirtualMachines/jdk1.7.0_51.jdk/Contents/Home/jre
04-Mar-2015 18:37:55.021 INFO [main] org.apache.catalina.startup.VersionLoggerListener.log JVM Version:           1.7.0_51-b13
04-Mar-2015 18:37:55.021 INFO [main] org.apache.catalina.startup.VersionLoggerListener.log JVM Vendor:            Oracle Corporation
04-Mar-2015 18:37:55.029 INFO [main] org.apache.catalina.startup.VersionLoggerListener.log CATALINA_BASE:         /Users/hannes/ownCloud/software and security/trainings/evil-tomcat-8.0.20
04-Mar-2015 18:37:55.029 INFO [main] org.apache.catalina.startup.VersionLoggerListener.log CATALINA_HOME:         /Users/hannes/ownCloud/software and security/trainings/evil-tomcat-8.0.20
04-Mar-2015 18:37:55.030 INFO [main] org.apache.catalina.startup.VersionLoggerListener.log Command line argument: -Djava.util.logging.config.file=/Users/hannes/ownCloud/software and security/trainings/evil-tomcat-8.0.20/conf/logging.properties
04-Mar-2015 18:37:55.030 INFO [main] org.apache.catalina.startup.VersionLoggerListener.log Command line argument: -Djava.util.logging.manager=org.apache.juli.ClassLoaderLogManager
04-Mar-2015 18:37:55.030 INFO [main] org.apache.catalina.startup.VersionLoggerListener.log Command line argument: -Djava.endorsed.dirs=/Users/hannes/ownCloud/software and security/trainings/evil-tomcat-8.0.20/endorsed
04-Mar-2015 18:37:55.030 INFO [main] org.apache.catalina.startup.VersionLoggerListener.log Command line argument: -Dcatalina.base=/Users/hannes/ownCloud/software and security/trainings/evil-tomcat-8.0.20
04-Mar-2015 18:37:55.030 INFO [main] org.apache.catalina.startup.VersionLoggerListener.log Command line argument: -Dcatalina.home=/Users/hannes/ownCloud/software and security/trainings/evil-tomcat-8.0.20
04-Mar-2015 18:37:55.031 INFO [main] org.apache.catalina.startup.VersionLoggerListener.log Command line argument: -Djava.io.tmpdir=/Users/hannes/ownCloud/software and security/trainings/evil-tomcat-8.0.20/temp
04-Mar-2015 18:37:55.031 INFO [main] org.apache.catalina.core.AprLifecycleListener.lifecycleEvent The APR based Apache Tomcat Native library which allows optimal performance in production environments was not found on the java.library.path: /Users/hannes/Library/Java/Extensions:/Library/Java/Extensions:/Network/Library/Java/Extensions:/System/Library/Java/Extensions:/usr/lib/java:.
04-Mar-2015 18:37:55.333 INFO [main] org.apache.coyote.AbstractProtocol.init Initializing ProtocolHandler ["http-nio-8666"]
04-Mar-2015 18:37:55.374 INFO [main] org.apache.tomcat.util.net.NioSelectorPool.getSharedSelector Using a shared selector for servlet write/read
04-Mar-2015 18:37:55.388 INFO [main] org.apache.coyote.AbstractProtocol.init Initializing ProtocolHandler ["ajp-nio-8009"]
04-Mar-2015 18:37:55.391 INFO [main] org.apache.tomcat.util.net.NioSelectorPool.getSharedSelector Using a shared selector for servlet write/read
04-Mar-2015 18:37:55.392 INFO [main] org.apache.catalina.startup.Catalina.load Initialization processed in 1679 ms
04-Mar-2015 18:37:55.459 INFO [main] org.apache.catalina.core.StandardService.startInternal Starting service Catalina
04-Mar-2015 18:37:55.460 INFO [main] org.apache.catalina.core.StandardEngine.startInternal Starting Servlet Engine: Apache Tomcat/8.0.20
04-Mar-2015 18:37:55.475 INFO [localhost-startStop-1] org.apache.catalina.startup.HostConfig.deployDirectory Deploying web application directory /Users/hannes/ownCloud/software and security/trainings/evil-tomcat-8.0.20/webapps/docs
04-Mar-2015 18:37:56.360 INFO [localhost-startStop-1] org.apache.catalina.startup.HostConfig.deployDirectory Deployment of web application directory /Users/hannes/ownCloud/software and security/trainings/evil-tomcat-8.0.20/webapps/docs has finished in 885 ms
04-Mar-2015 18:37:56.361 INFO [localhost-startStop-1] org.apache.catalina.startup.HostConfig.deployDirectory Deploying web application directory /Users/hannes/ownCloud/software and security/trainings/evil-tomcat-8.0.20/webapps/examples
04-Mar-2015 18:37:57.629 INFO [localhost-startStop-1] org.apache.catalina.startup.HostConfig.deployDirectory Deployment of web application directory /Users/hannes/ownCloud/software and security/trainings/evil-tomcat-8.0.20/webapps/examples has finished in 1,268 ms
04-Mar-2015 18:37:57.630 INFO [localhost-startStop-1] org.apache.catalina.startup.HostConfig.deployDirectory Deploying web application directory /Users/hannes/ownCloud/software and security/trainings/evil-tomcat-8.0.20/webapps/host-manager
04-Mar-2015 18:37:57.740 INFO [localhost-startStop-1] org.apache.catalina.startup.HostConfig.deployDirectory Deployment of web application directory /Users/hannes/ownCloud/software and security/trainings/evil-tomcat-8.0.20/webapps/host-manager has finished in 111 ms
04-Mar-2015 18:37:57.740 INFO [localhost-startStop-1] org.apache.catalina.startup.HostConfig.deployDirectory Deploying web application directory /Users/hannes/ownCloud/software and security/trainings/evil-tomcat-8.0.20/webapps/manager
04-Mar-2015 18:37:57.848 INFO [localhost-startStop-1] org.apache.catalina.startup.HostConfig.deployDirectory Deployment of web application directory /Users/hannes/ownCloud/software and security/trainings/evil-tomcat-8.0.20/webapps/manager has finished in 107 ms
04-Mar-2015 18:37:57.848 INFO [localhost-startStop-1] org.apache.catalina.startup.HostConfig.deployDirectory Deploying web application directory /Users/hannes/ownCloud/software and security/trainings/evil-tomcat-8.0.20/webapps/ROOT
04-Mar-2015 18:37:57.947 INFO [localhost-startStop-1] org.apache.catalina.startup.HostConfig.deployDirectory Deployment of web application directory /Users/hannes/ownCloud/software and security/trainings/evil-tomcat-8.0.20/webapps/ROOT has finished in 99 ms
04-Mar-2015 18:37:57.970 INFO [main] org.apache.coyote.AbstractProtocol.start Starting ProtocolHandler ["http-nio-8666"]
04-Mar-2015 18:37:57.982 INFO [main] org.apache.coyote.AbstractProtocol.start Starting ProtocolHandler ["ajp-nio-8009"]
04-Mar-2015 18:37:57.983 INFO [main] org.apache.catalina.startup.Catalina.start Server startup in 2589 ms
04-Mar-2015 18:38:17.965 INFO [ContainerBackgroundProcessor[StandardEngine[Catalina]]] org.apache.catalina.startup.HostConfig.reload Reloading context []
04-Mar-2015 18:38:17.965 INFO [ContainerBackgroundProcessor[StandardEngine[Catalina]]] org.apache.catalina.core.StandardContext.reload Reloading Context with name [] has started
04-Mar-2015 18:38:18.025 INFO [ContainerBackgroundProcessor[StandardEngine[Catalina]]] org.apache.catalina.core.StandardContext.reload Reloading Context with name [] is completed
04-Mar-2015 18:38:38.041 INFO [localhost-startStop-2] org.apache.catalina.startup.HostConfig.deployDirectory Deploying web application directory /Users/hannes/ownCloud/software and security/trainings/evil-tomcat-8.0.20/webapps/logger
04-Mar-2015 18:38:38.084 INFO [localhost-startStop-2] org.apache.catalina.startup.HostConfig.deployDirectory Deployment of web application directory /Users/hannes/ownCloud/software and security/trainings/evil-tomcat-8.0.20/webapps/logger has finished in 43 ms
Incoming call from 0:0:0:0:0:0:0:1
at Wed Mar 04 18:42:31 CET 2015
----------------------------------
  Request URL:
     /logger/log.jsp
  Request parameters:




04-Mar-2015 18:57:19.532 INFO [ContainerBackgroundProcessor[StandardEngine[Catalina]]] org.apache.catalina.startup.HostConfig.undeploy Undeploying context [/host-manager]
04-Mar-2015 18:57:20.068 INFO [ContainerBackgroundProcessor[StandardEngine[Catalina]]] org.apache.catalina.startup.HostConfig.undeploy Undeploying context [/docs]
04-Mar-2015 18:57:20.580 INFO [ContainerBackgroundProcessor[StandardEngine[Catalina]]] org.apache.catalina.startup.HostConfig.undeploy Undeploying context [/examples]
04-Mar-2015 18:57:31.108 INFO [ContainerBackgroundProcessor[StandardEngine[Catalina]]] org.apache.catalina.startup.HostConfig.undeploy Undeploying context [/manager]
04-Mar-2015 18:57:51.141 INFO [localhost-startStop-3] org.apache.catalina.startup.HostConfig.deployDirectory Deploying web application directory /Users/hannes/ownCloud/software and security/trainings/evil-tomcat-8.0.20/webapps/untitled folder
04-Mar-2015 18:57:51.205 INFO [localhost-startStop-3] org.apache.catalina.startup.HostConfig.deployDirectory Deployment of web application directory /Users/hannes/ownCloud/software and security/trainings/evil-tomcat-8.0.20/webapps/untitled folder has finished in 64 ms
04-Mar-2015 18:58:01.711 INFO [ContainerBackgroundProcessor[StandardEngine[Catalina]]] org.apache.catalina.startup.HostConfig.undeploy Undeploying context [/untitled folder]
04-Mar-2015 18:58:01.726 INFO [localhost-startStop-4] org.apache.catalina.startup.HostConfig.deployDirectory Deploying web application directory /Users/hannes/ownCloud/software and security/trainings/evil-tomcat-8.0.20/webapps/xss
04-Mar-2015 18:58:01.770 INFO [localhost-startStop-4] org.apache.catalina.startup.HostConfig.deployDirectory Deployment of web application directory /Users/hannes/ownCloud/software and security/trainings/evil-tomcat-8.0.20/webapps/xss has finished in 44 ms
07-Mar-2015 07:04:33.747 INFO [main] org.apache.catalina.startup.VersionLoggerListener.log Server version:        Apache Tomcat/8.0.20
07-Mar-2015 07:04:33.777 INFO [main] org.apache.catalina.startup.VersionLoggerListener.log Server built:          Feb 15 2015 18:10:42 UTC
07-Mar-2015 07:04:33.777 INFO [main] org.apache.catalina.startup.VersionLoggerListener.log Server number:         8.0.20.0
07-Mar-2015 07:04:33.778 INFO [main] org.apache.catalina.startup.VersionLoggerListener.log OS Name:               Mac OS X
07-Mar-2015 07:04:33.778 INFO [main] org.apache.catalina.startup.VersionLoggerListener.log OS Version:            10.9.5
07-Mar-2015 07:04:33.778 INFO [main] org.apache.catalina.startup.VersionLoggerListener.log Architecture:          x86_64
07-Mar-2015 07:04:33.779 INFO [main] org.apache.catalina.startup.VersionLoggerListener.log Java Home:             /Library/Java/JavaVirtualMachines/jdk1.7.0_51.jdk/Contents/Home/jre
07-Mar-2015 07:04:33.779 INFO [main] org.apache.catalina.startup.VersionLoggerListener.log JVM Version:           1.7.0_51-b13
07-Mar-2015 07:04:33.779 INFO [main] org.apache.catalina.startup.VersionLoggerListener.log JVM Vendor:            Oracle Corporation
07-Mar-2015 07:04:33.780 INFO [main] org.apache.catalina.startup.VersionLoggerListener.log CATALINA_BASE:         /Users/hannes/ownCloud/software and security/trainings/attacat-8666
07-Mar-2015 07:04:33.780 INFO [main] org.apache.catalina.startup.VersionLoggerListener.log CATALINA_HOME:         /Users/hannes/ownCloud/software and security/trainings/attacat-8666
07-Mar-2015 07:04:33.781 INFO [main] org.apache.catalina.startup.VersionLoggerListener.log Command line argument: -Djava.util.logging.config.file=/Users/hannes/ownCloud/software and security/trainings/attacat-8666/conf/logging.properties
07-Mar-2015 07:04:33.781 INFO [main] org.apache.catalina.startup.VersionLoggerListener.log Command line argument: -Djava.util.logging.manager=org.apache.juli.ClassLoaderLogManager
07-Mar-2015 07:04:33.782 INFO [main] org.apache.catalina.startup.VersionLoggerListener.log Command line argument: -Djava.endorsed.dirs=/Users/hannes/ownCloud/software and security/trainings/attacat-8666/endorsed
07-Mar-2015 07:04:33.782 INFO [main] org.apache.catalina.startup.VersionLoggerListener.log Command line argument: -Dcatalina.base=/Users/hannes/ownCloud/software and security/trainings/attacat-8666
07-Mar-2015 07:04:33.782 INFO [main] org.apache.catalina.startup.VersionLoggerListener.log Command line argument: -Dcatalina.home=/Users/hannes/ownCloud/software and security/trainings/attacat-8666
07-Mar-2015 07:04:33.782 INFO [main] org.apache.catalina.startup.VersionLoggerListener.log Command line argument: -Djava.io.tmpdir=/Users/hannes/ownCloud/software and security/trainings/attacat-8666/temp
07-Mar-2015 07:04:33.782 INFO [main] org.apache.catalina.core.AprLifecycleListener.lifecycleEvent The APR based Apache Tomcat Native library which allows optimal performance in production environments was not found on the java.library.path: /Users/hannes/Library/Java/Extensions:/Library/Java/Extensions:/Network/Library/Java/Extensions:/System/Library/Java/Extensions:/usr/lib/java:.
07-Mar-2015 07:04:34.497 INFO [main] org.apache.coyote.AbstractProtocol.init Initializing ProtocolHandler ["http-nio-8666"]
07-Mar-2015 07:04:34.580 INFO [main] org.apache.tomcat.util.net.NioSelectorPool.getSharedSelector Using a shared selector for servlet write/read
07-Mar-2015 07:04:34.586 INFO [main] org.apache.coyote.AbstractProtocol.init Initializing ProtocolHandler ["ajp-nio-8009"]
07-Mar-2015 07:04:34.589 INFO [main] org.apache.tomcat.util.net.NioSelectorPool.getSharedSelector Using a shared selector for servlet write/read
07-Mar-2015 07:04:34.590 INFO [main] org.apache.catalina.startup.Catalina.load Initialization processed in 3256 ms
07-Mar-2015 07:04:34.716 INFO [main] org.apache.catalina.core.StandardService.startInternal Starting service Catalina
07-Mar-2015 07:04:34.717 INFO [main] org.apache.catalina.core.StandardEngine.startInternal Starting Servlet Engine: Apache Tomcat/8.0.20
07-Mar-2015 07:04:34.747 INFO [localhost-startStop-1] org.apache.catalina.startup.HostConfig.deployDirectory Deploying web application directory /Users/hannes/ownCloud/software and security/trainings/attacat-8666/webapps/logger
07-Mar-2015 07:04:36.399 INFO [localhost-startStop-1] org.apache.catalina.util.SessionIdGeneratorBase.createSecureRandom Creation of SecureRandom instance for session ID generation using [SHA1PRNG] took [299] milliseconds.
07-Mar-2015 07:04:36.437 INFO [localhost-startStop-1] org.apache.catalina.startup.HostConfig.deployDirectory Deployment of web application directory /Users/hannes/ownCloud/software and security/trainings/attacat-8666/webapps/logger has finished in 1,690 ms
07-Mar-2015 07:04:36.438 INFO [localhost-startStop-1] org.apache.catalina.startup.HostConfig.deployDirectory Deploying web application directory /Users/hannes/ownCloud/software and security/trainings/attacat-8666/webapps/ROOT
07-Mar-2015 07:04:36.786 INFO [localhost-startStop-1] org.apache.catalina.startup.HostConfig.deployDirectory Deployment of web application directory /Users/hannes/ownCloud/software and security/trainings/attacat-8666/webapps/ROOT has finished in 348 ms
07-Mar-2015 07:04:36.788 INFO [localhost-startStop-1] org.apache.catalina.startup.HostConfig.deployDirectory Deploying web application directory /Users/hannes/ownCloud/software and security/trainings/attacat-8666/webapps/surfer
07-Mar-2015 07:04:36.940 INFO [localhost-startStop-1] org.apache.catalina.startup.HostConfig.deployDirectory Deployment of web application directory /Users/hannes/ownCloud/software and security/trainings/attacat-8666/webapps/surfer has finished in 152 ms
07-Mar-2015 07:04:36.941 INFO [localhost-startStop-1] org.apache.catalina.startup.HostConfig.deployDirectory Deploying web application directory /Users/hannes/ownCloud/software and security/trainings/attacat-8666/webapps/xss
07-Mar-2015 07:04:37.017 INFO [localhost-startStop-1] org.apache.catalina.startup.HostConfig.deployDirectory Deployment of web application directory /Users/hannes/ownCloud/software and security/trainings/attacat-8666/webapps/xss has finished in 76 ms
07-Mar-2015 07:04:37.023 INFO [main] org.apache.coyote.AbstractProtocol.start Starting ProtocolHandler ["http-nio-8666"]
07-Mar-2015 07:04:37.033 INFO [main] org.apache.coyote.AbstractProtocol.start Starting ProtocolHandler ["ajp-nio-8009"]
07-Mar-2015 07:04:37.034 INFO [main] org.apache.catalina.startup.Catalina.start Server startup in 2443 ms
08-Mar-2015 20:51:39.071 INFO [localhost-startStop-2] org.apache.catalina.startup.HostConfig.deployDirectory Deploying web application directory /Users/hannes/ownCloud/software and security/trainings/attacat-8666/webapps/jack
08-Mar-2015 20:51:39.507 INFO [localhost-startStop-2] org.apache.catalina.startup.HostConfig.deployDirectory Deployment of web application directory /Users/hannes/ownCloud/software and security/trainings/attacat-8666/webapps/jack has finished in 453 ms
09-Mar-2015 16:51:24.957 INFO [localhost-startStop-3] org.apache.catalina.startup.HostConfig.deployDirectory Deploying web application directory /Users/hannes/ownCloud/software and security/trainings/attacat-8666/webapps/cors
09-Mar-2015 16:51:25.821 INFO [localhost-startStop-3] org.apache.catalina.startup.HostConfig.deployDirectory Deployment of web application directory /Users/hannes/ownCloud/software and security/trainings/attacat-8666/webapps/cors has finished in 920 ms
17-Mar-2015 18:02:26.820 INFO [main] org.apache.catalina.startup.VersionLoggerListener.log Server version:        Apache Tomcat/8.0.20
17-Mar-2015 18:02:26.850 INFO [main] org.apache.catalina.startup.VersionLoggerListener.log Server built:          Feb 15 2015 18:10:42 UTC
17-Mar-2015 18:02:26.850 INFO [main] org.apache.catalina.startup.VersionLoggerListener.log Server number:         8.0.20.0
17-Mar-2015 18:02:26.850 INFO [main] org.apache.catalina.startup.VersionLoggerListener.log OS Name:               Mac OS X
17-Mar-2015 18:02:26.851 INFO [main] org.apache.catalina.startup.VersionLoggerListener.log OS Version:            10.9.5
17-Mar-2015 18:02:26.851 INFO [main] org.apache.catalina.startup.VersionLoggerListener.log Architecture:          x86_64
17-Mar-2015 18:02:26.851 INFO [main] org.apache.catalina.startup.VersionLoggerListener.log Java Home:             /Library/Java/JavaVirtualMachines/jdk1.7.0_51.jdk/Contents/Home/jre
17-Mar-2015 18:02:26.851 INFO [main] org.apache.catalina.startup.VersionLoggerListener.log JVM Version:           1.7.0_51-b13
17-Mar-2015 18:02:26.851 INFO [main] org.apache.catalina.startup.VersionLoggerListener.log JVM Vendor:            Oracle Corporation
17-Mar-2015 18:02:26.851 INFO [main] org.apache.catalina.startup.VersionLoggerListener.log CATALINA_BASE:         /Users/hannes/ownCloud/software and security/trainings/attacat-8666
17-Mar-2015 18:02:26.851 INFO [main] org.apache.catalina.startup.VersionLoggerListener.log CATALINA_HOME:         /Users/hannes/ownCloud/software and security/trainings/attacat-8666
17-Mar-2015 18:02:26.852 INFO [main] org.apache.catalina.startup.VersionLoggerListener.log Command line argument: -Djava.util.logging.config.file=/Users/hannes/ownCloud/software and security/trainings/attacat-8666/conf/logging.properties
17-Mar-2015 18:02:26.852 INFO [main] org.apache.catalina.startup.VersionLoggerListener.log Command line argument: -Djava.util.logging.manager=org.apache.juli.ClassLoaderLogManager
17-Mar-2015 18:02:26.853 INFO [main] org.apache.catalina.startup.VersionLoggerListener.log Command line argument: -Djava.endorsed.dirs=/Users/hannes/ownCloud/software and security/trainings/attacat-8666/endorsed
17-Mar-2015 18:02:26.853 INFO [main] org.apache.catalina.startup.VersionLoggerListener.log Command line argument: -Dcatalina.base=/Users/hannes/ownCloud/software and security/trainings/attacat-8666
17-Mar-2015 18:02:26.853 INFO [main] org.apache.catalina.startup.VersionLoggerListener.log Command line argument: -Dcatalina.home=/Users/hannes/ownCloud/software and security/trainings/attacat-8666
17-Mar-2015 18:02:26.853 INFO [main] org.apache.catalina.startup.VersionLoggerListener.log Command line argument: -Djava.io.tmpdir=/Users/hannes/ownCloud/software and security/trainings/attacat-8666/temp
17-Mar-2015 18:02:26.853 INFO [main] org.apache.catalina.core.AprLifecycleListener.lifecycleEvent The APR based Apache Tomcat Native library which allows optimal performance in production environments was not found on the java.library.path: /Users/hannes/Library/Java/Extensions:/Library/Java/Extensions:/Network/Library/Java/Extensions:/System/Library/Java/Extensions:/usr/lib/java:.
17-Mar-2015 18:02:27.313 INFO [main] org.apache.coyote.AbstractProtocol.init Initializing ProtocolHandler ["http-nio-8666"]
17-Mar-2015 18:02:27.396 INFO [main] org.apache.tomcat.util.net.NioSelectorPool.getSharedSelector Using a shared selector for servlet write/read
17-Mar-2015 18:02:27.417 INFO [main] org.apache.coyote.AbstractProtocol.init Initializing ProtocolHandler ["ajp-nio-8009"]
17-Mar-2015 18:02:27.428 INFO [main] org.apache.tomcat.util.net.NioSelectorPool.getSharedSelector Using a shared selector for servlet write/read
17-Mar-2015 18:02:27.446 INFO [main] org.apache.catalina.startup.Catalina.load Initialization processed in 2409 ms
17-Mar-2015 18:02:27.569 INFO [main] org.apache.catalina.core.StandardService.startInternal Starting service Catalina
17-Mar-2015 18:02:27.569 INFO [main] org.apache.catalina.core.StandardEngine.startInternal Starting Servlet Engine: Apache Tomcat/8.0.20
17-Mar-2015 18:02:27.588 INFO [localhost-startStop-1] org.apache.catalina.startup.HostConfig.deployDirectory Deploying web application directory /Users/hannes/ownCloud/software and security/trainings/attacat-8666/webapps/cors
17-Mar-2015 18:02:28.898 INFO [localhost-startStop-1] org.apache.catalina.util.SessionIdGeneratorBase.createSecureRandom Creation of SecureRandom instance for session ID generation using [SHA1PRNG] took [307] milliseconds.
17-Mar-2015 18:02:28.938 INFO [localhost-startStop-1] org.apache.catalina.startup.HostConfig.deployDirectory Deployment of web application directory /Users/hannes/ownCloud/software and security/trainings/attacat-8666/webapps/cors has finished in 1,350 ms
17-Mar-2015 18:02:28.938 INFO [localhost-startStop-1] org.apache.catalina.startup.HostConfig.deployDirectory Deploying web application directory /Users/hannes/ownCloud/software and security/trainings/attacat-8666/webapps/jack
17-Mar-2015 18:02:29.051 INFO [localhost-startStop-1] org.apache.catalina.startup.HostConfig.deployDirectory Deployment of web application directory /Users/hannes/ownCloud/software and security/trainings/attacat-8666/webapps/jack has finished in 113 ms
17-Mar-2015 18:02:29.052 INFO [localhost-startStop-1] org.apache.catalina.startup.HostConfig.deployDirectory Deploying web application directory /Users/hannes/ownCloud/software and security/trainings/attacat-8666/webapps/logger
17-Mar-2015 18:02:29.106 INFO [localhost-startStop-1] org.apache.catalina.startup.HostConfig.deployDirectory Deployment of web application directory /Users/hannes/ownCloud/software and security/trainings/attacat-8666/webapps/logger has finished in 54 ms
17-Mar-2015 18:02:29.107 INFO [localhost-startStop-1] org.apache.catalina.startup.HostConfig.deployDirectory Deploying web application directory /Users/hannes/ownCloud/software and security/trainings/attacat-8666/webapps/ROOT
17-Mar-2015 18:02:29.164 INFO [localhost-startStop-1] org.apache.catalina.startup.HostConfig.deployDirectory Deployment of web application directory /Users/hannes/ownCloud/software and security/trainings/attacat-8666/webapps/ROOT has finished in 56 ms
17-Mar-2015 18:02:29.164 INFO [localhost-startStop-1] org.apache.catalina.startup.HostConfig.deployDirectory Deploying web application directory /Users/hannes/ownCloud/software and security/trainings/attacat-8666/webapps/surfer
17-Mar-2015 18:02:29.217 INFO [localhost-startStop-1] org.apache.catalina.startup.HostConfig.deployDirectory Deployment of web application directory /Users/hannes/ownCloud/software and security/trainings/attacat-8666/webapps/surfer has finished in 52 ms
17-Mar-2015 18:02:29.217 INFO [localhost-startStop-1] org.apache.catalina.startup.HostConfig.deployDirectory Deploying web application directory /Users/hannes/ownCloud/software and security/trainings/attacat-8666/webapps/xss
17-Mar-2015 18:02:29.273 INFO [localhost-startStop-1] org.apache.catalina.startup.HostConfig.deployDirectory Deployment of web application directory /Users/hannes/ownCloud/software and security/trainings/attacat-8666/webapps/xss has finished in 55 ms
17-Mar-2015 18:02:29.279 INFO [main] org.apache.coyote.AbstractProtocol.start Starting ProtocolHandler ["http-nio-8666"]
17-Mar-2015 18:02:29.293 INFO [main] org.apache.coyote.AbstractProtocol.start Starting ProtocolHandler ["ajp-nio-8009"]
17-Mar-2015 18:02:29.294 INFO [main] org.apache.catalina.startup.Catalina.start Server startup in 1847 ms
02-Apr-2015 03:20:01.490 INFO [Thread-5] org.apache.coyote.AbstractProtocol.pause Pausing ProtocolHandler ["http-nio-8666"]
02-Apr-2015 03:20:05.601 INFO [Thread-5] org.apache.coyote.AbstractProtocol.pause Pausing ProtocolHandler ["ajp-nio-8009"]
02-Apr-2015 03:20:05.603 INFO [Thread-5] org.apache.catalina.core.StandardService.stopInternal Stopping service Catalina
02-Apr-2015 03:20:06.863 INFO [Thread-5] org.apache.coyote.AbstractProtocol.stop Stopping ProtocolHandler ["http-nio-8666"]
02-Apr-2015 03:20:06.876 INFO [Thread-5] org.apache.coyote.AbstractProtocol.stop Stopping ProtocolHandler ["ajp-nio-8009"]
02-Apr-2015 03:20:06.909 INFO [Thread-5] org.apache.coyote.AbstractProtocol.destroy Destroying ProtocolHandler ["http-nio-8666"]
02-Apr-2015 03:20:06.911 INFO [Thread-5] org.apache.coyote.AbstractProtocol.destroy Destroying ProtocolHandler ["ajp-nio-8009"]
19-May-2015 06:24:09.317 INFO [main] org.apache.catalina.startup.VersionLoggerListener.log Server version:        Apache Tomcat/8.0.20
19-May-2015 06:24:09.321 INFO [main] org.apache.catalina.startup.VersionLoggerListener.log Server built:          Feb 15 2015 18:10:42 UTC
19-May-2015 06:24:09.321 INFO [main] org.apache.catalina.startup.VersionLoggerListener.log Server number:         8.0.20.0
19-May-2015 06:24:09.322 INFO [main] org.apache.catalina.startup.VersionLoggerListener.log OS Name:               Mac OS X
19-May-2015 06:24:09.322 INFO [main] org.apache.catalina.startup.VersionLoggerListener.log OS Version:            10.9.5
19-May-2015 06:24:09.322 INFO [main] org.apache.catalina.startup.VersionLoggerListener.log Architecture:          x86_64
19-May-2015 06:24:09.323 INFO [main] org.apache.catalina.startup.VersionLoggerListener.log Java Home:             /Library/Java/JavaVirtualMachines/jdk1.7.0_51.jdk/Contents/Home/jre
19-May-2015 06:24:09.323 INFO [main] org.apache.catalina.startup.VersionLoggerListener.log JVM Version:           1.7.0_51-b13
19-May-2015 06:24:09.323 INFO [main] org.apache.catalina.startup.VersionLoggerListener.log JVM Vendor:            Oracle Corporation
19-May-2015 06:24:09.324 INFO [main] org.apache.catalina.startup.VersionLoggerListener.log CATALINA_BASE:         /Users/hannes/ownCloud/software and security/trainings/attacat-8666
19-May-2015 06:24:09.324 INFO [main] org.apache.catalina.startup.VersionLoggerListener.log CATALINA_HOME:         /Users/hannes/ownCloud/software and security/trainings/attacat-8666
19-May-2015 06:24:09.325 INFO [main] org.apache.catalina.startup.VersionLoggerListener.log Command line argument: -Djava.util.logging.config.file=/Users/hannes/ownCloud/software and security/trainings/attacat-8666/conf/logging.properties
19-May-2015 06:24:09.325 INFO [main] org.apache.catalina.startup.VersionLoggerListener.log Command line argument: -Djava.util.logging.manager=org.apache.juli.ClassLoaderLogManager
19-May-2015 06:24:09.325 INFO [main] org.apache.catalina.startup.VersionLoggerListener.log Command line argument: -Djava.endorsed.dirs=/Users/hannes/ownCloud/software and security/trainings/attacat-8666/endorsed
19-May-2015 06:24:09.326 INFO [main] org.apache.catalina.startup.VersionLoggerListener.log Command line argument: -Dcatalina.base=/Users/hannes/ownCloud/software and security/trainings/attacat-8666
19-May-2015 06:24:09.326 INFO [main] org.apache.catalina.startup.VersionLoggerListener.log Command line argument: -Dcatalina.home=/Users/hannes/ownCloud/software and security/trainings/attacat-8666
19-May-2015 06:24:09.326 INFO [main] org.apache.catalina.startup.VersionLoggerListener.log Command line argument: -Djava.io.tmpdir=/Users/hannes/ownCloud/software and security/trainings/attacat-8666/temp
19-May-2015 06:24:09.326 INFO [main] org.apache.catalina.core.AprLifecycleListener.lifecycleEvent The APR based Apache Tomcat Native library which allows optimal performance in production environments was not found on the java.library.path: /Users/hannes/Library/Java/Extensions:/Library/Java/Extensions:/Network/Library/Java/Extensions:/System/Library/Java/Extensions:/usr/lib/java:.
19-May-2015 06:24:10.216 INFO [main] org.apache.coyote.AbstractProtocol.init Initializing ProtocolHandler ["http-nio-8666"]
19-May-2015 06:24:10.265 INFO [main] org.apache.tomcat.util.net.NioSelectorPool.getSharedSelector Using a shared selector for servlet write/read
19-May-2015 06:24:10.270 INFO [main] org.apache.coyote.AbstractProtocol.init Initializing ProtocolHandler ["ajp-nio-8009"]
19-May-2015 06:24:10.274 INFO [main] org.apache.tomcat.util.net.NioSelectorPool.getSharedSelector Using a shared selector for servlet write/read
19-May-2015 06:24:10.274 INFO [main] org.apache.catalina.startup.Catalina.load Initialization processed in 2372 ms
19-May-2015 06:24:10.328 INFO [main] org.apache.catalina.core.StandardService.startInternal Starting service Catalina
19-May-2015 06:24:10.328 INFO [main] org.apache.catalina.core.StandardEngine.startInternal Starting Servlet Engine: Apache Tomcat/8.0.20
19-May-2015 06:24:10.343 INFO [localhost-startStop-1] org.apache.catalina.startup.HostConfig.deployDirectory Deploying web application directory /Users/hannes/ownCloud/software and security/trainings/attacat-8666/webapps/cors
19-May-2015 06:24:12.364 INFO [localhost-startStop-1] org.apache.catalina.util.SessionIdGeneratorBase.createSecureRandom Creation of SecureRandom instance for session ID generation using [SHA1PRNG] took [330] milliseconds.
19-May-2015 06:24:12.399 INFO [localhost-startStop-1] org.apache.catalina.startup.HostConfig.deployDirectory Deployment of web application directory /Users/hannes/ownCloud/software and security/trainings/attacat-8666/webapps/cors has finished in 2,056 ms
19-May-2015 06:24:12.400 INFO [localhost-startStop-1] org.apache.catalina.startup.HostConfig.deployDirectory Deploying web application directory /Users/hannes/ownCloud/software and security/trainings/attacat-8666/webapps/jack
19-May-2015 06:24:12.483 INFO [localhost-startStop-1] org.apache.catalina.startup.HostConfig.deployDirectory Deployment of web application directory /Users/hannes/ownCloud/software and security/trainings/attacat-8666/webapps/jack has finished in 83 ms
19-May-2015 06:24:12.484 INFO [localhost-startStop-1] org.apache.catalina.startup.HostConfig.deployDirectory Deploying web application directory /Users/hannes/ownCloud/software and security/trainings/attacat-8666/webapps/logger
19-May-2015 06:24:12.554 INFO [localhost-startStop-1] org.apache.catalina.startup.HostConfig.deployDirectory Deployment of web application directory /Users/hannes/ownCloud/software and security/trainings/attacat-8666/webapps/logger has finished in 70 ms
19-May-2015 06:24:12.554 INFO [localhost-startStop-1] org.apache.catalina.startup.HostConfig.deployDirectory Deploying web application directory /Users/hannes/ownCloud/software and security/trainings/attacat-8666/webapps/ROOT
19-May-2015 06:24:12.762 INFO [localhost-startStop-1] org.apache.catalina.startup.HostConfig.deployDirectory Deployment of web application directory /Users/hannes/ownCloud/software and security/trainings/attacat-8666/webapps/ROOT has finished in 207 ms
19-May-2015 06:24:12.762 INFO [localhost-startStop-1] org.apache.catalina.startup.HostConfig.deployDirectory Deploying web application directory /Users/hannes/ownCloud/software and security/trainings/attacat-8666/webapps/surfer
19-May-2015 06:24:12.863 INFO [localhost-startStop-1] org.apache.catalina.startup.HostConfig.deployDirectory Deployment of web application directory /Users/hannes/ownCloud/software and security/trainings/attacat-8666/webapps/surfer has finished in 101 ms
19-May-2015 06:24:12.863 INFO [localhost-startStop-1] org.apache.catalina.startup.HostConfig.deployDirectory Deploying web application directory /Users/hannes/ownCloud/software and security/trainings/attacat-8666/webapps/xss
19-May-2015 06:24:12.922 INFO [localhost-startStop-1] org.apache.catalina.startup.HostConfig.deployDirectory Deployment of web application directory /Users/hannes/ownCloud/software and security/trainings/attacat-8666/webapps/xss has finished in 58 ms
19-May-2015 06:24:12.928 INFO [main] org.apache.coyote.AbstractProtocol.start Starting ProtocolHandler ["http-nio-8666"]
19-May-2015 06:24:12.938 INFO [main] org.apache.coyote.AbstractProtocol.start Starting ProtocolHandler ["ajp-nio-8009"]
19-May-2015 06:24:12.939 INFO [main] org.apache.catalina.startup.Catalina.start Server startup in 2664 ms
19-Jun-2015 15:36:18.135 INFO [Thread-5] org.apache.coyote.AbstractProtocol.pause Pausing ProtocolHandler ["http-nio-8666"]
