04-Mar-2015 18:37:09.634 INFO [main] org.apache.catalina.startup.VersionLoggerListener.log Server version:        Apache Tomcat/8.0.20
04-Mar-2015 18:37:09.641 INFO [main] org.apache.catalina.startup.VersionLoggerListener.log Server built:          Feb 15 2015 18:10:42 UTC
04-Mar-2015 18:37:09.641 INFO [main] org.apache.catalina.startup.VersionLoggerListener.log Server number:         8.0.20.0
04-Mar-2015 18:37:09.641 INFO [main] org.apache.catalina.startup.VersionLoggerListener.log OS Name:               Mac OS X
04-Mar-2015 18:37:09.642 INFO [main] org.apache.catalina.startup.VersionLoggerListener.log OS Version:            10.9.5
04-Mar-2015 18:37:09.642 INFO [main] org.apache.catalina.startup.VersionLoggerListener.log Architecture:          x86_64
04-Mar-2015 18:37:09.642 INFO [main] org.apache.catalina.startup.VersionLoggerListener.log Java Home:             /Library/Java/JavaVirtualMachines/jdk1.7.0_51.jdk/Contents/Home/jre
04-Mar-2015 18:37:09.643 INFO [main] org.apache.catalina.startup.VersionLoggerListener.log JVM Version:           1.7.0_51-b13
04-Mar-2015 18:37:09.643 INFO [main] org.apache.catalina.startup.VersionLoggerListener.log JVM Vendor:            Oracle Corporation
04-Mar-2015 18:37:09.643 INFO [main] org.apache.catalina.startup.VersionLoggerListener.log CATALINA_BASE:         /Users/hannes/ownCloud/software and security/trainings/evil-tomcat-8.0.20
04-Mar-2015 18:37:09.644 INFO [main] org.apache.catalina.startup.VersionLoggerListener.log CATALINA_HOME:         /Users/hannes/ownCloud/software and security/trainings/evil-tomcat-8.0.20
04-Mar-2015 18:37:09.645 INFO [main] org.apache.catalina.startup.VersionLoggerListener.log Command line argument: -Djava.util.logging.config.file=/Users/hannes/ownCloud/software and security/trainings/evil-tomcat-8.0.20/conf/logging.properties
04-Mar-2015 18:37:09.645 INFO [main] org.apache.catalina.startup.VersionLoggerListener.log Command line argument: -Djava.util.logging.manager=org.apache.juli.ClassLoaderLogManager
04-Mar-2015 18:37:09.646 INFO [main] org.apache.catalina.startup.VersionLoggerListener.log Command line argument: -Djava.endorsed.dirs=/Users/hannes/ownCloud/software and security/trainings/evil-tomcat-8.0.20/endorsed
04-Mar-2015 18:37:09.646 INFO [main] org.apache.catalina.startup.VersionLoggerListener.log Command line argument: -Dcatalina.base=/Users/hannes/ownCloud/software and security/trainings/evil-tomcat-8.0.20
04-Mar-2015 18:37:09.646 INFO [main] org.apache.catalina.startup.VersionLoggerListener.log Command line argument: -Dcatalina.home=/Users/hannes/ownCloud/software and security/trainings/evil-tomcat-8.0.20
04-Mar-2015 18:37:09.647 INFO [main] org.apache.catalina.startup.VersionLoggerListener.log Command line argument: -Djava.io.tmpdir=/Users/hannes/ownCloud/software and security/trainings/evil-tomcat-8.0.20/temp
04-Mar-2015 18:37:09.647 INFO [main] org.apache.catalina.core.AprLifecycleListener.lifecycleEvent The APR based Apache Tomcat Native library which allows optimal performance in production environments was not found on the java.library.path: /Users/hannes/Library/Java/Extensions:/Library/Java/Extensions:/Network/Library/Java/Extensions:/System/Library/Java/Extensions:/usr/lib/java:.
04-Mar-2015 18:37:10.380 INFO [main] org.apache.coyote.AbstractProtocol.init Initializing ProtocolHandler ["http-nio-8666"]
04-Mar-2015 18:37:10.438 INFO [main] org.apache.tomcat.util.net.NioSelectorPool.getSharedSelector Using a shared selector for servlet write/read
04-Mar-2015 18:37:10.447 INFO [main] org.apache.coyote.AbstractProtocol.init Initializing ProtocolHandler ["ajp-nio-8009"]
04-Mar-2015 18:37:10.450 INFO [main] org.apache.tomcat.util.net.NioSelectorPool.getSharedSelector Using a shared selector for servlet write/read
04-Mar-2015 18:37:10.451 INFO [main] org.apache.catalina.startup.Catalina.load Initialization processed in 3036 ms
04-Mar-2015 18:37:10.521 INFO [main] org.apache.catalina.core.StandardService.startInternal Starting service Catalina
04-Mar-2015 18:37:10.522 INFO [main] org.apache.catalina.core.StandardEngine.startInternal Starting Servlet Engine: Apache Tomcat/8.0.20
04-Mar-2015 18:37:10.548 INFO [localhost-startStop-1] org.apache.catalina.startup.HostConfig.deployDirectory Deploying web application directory /Users/hannes/ownCloud/software and security/trainings/evil-tomcat-8.0.20/webapps/docs
04-Mar-2015 18:37:11.911 INFO [localhost-startStop-1] org.apache.catalina.util.SessionIdGeneratorBase.createSecureRandom Creation of SecureRandom instance for session ID generation using [SHA1PRNG] took [362] milliseconds.
04-Mar-2015 18:37:11.957 INFO [localhost-startStop-1] org.apache.catalina.startup.HostConfig.deployDirectory Deployment of web application directory /Users/hannes/ownCloud/software and security/trainings/evil-tomcat-8.0.20/webapps/docs has finished in 1,408 ms
04-Mar-2015 18:37:11.957 INFO [localhost-startStop-1] org.apache.catalina.startup.HostConfig.deployDirectory Deploying web application directory /Users/hannes/ownCloud/software and security/trainings/evil-tomcat-8.0.20/webapps/examples
04-Mar-2015 18:37:13.113 INFO [localhost-startStop-1] org.apache.catalina.startup.HostConfig.deployDirectory Deployment of web application directory /Users/hannes/ownCloud/software and security/trainings/evil-tomcat-8.0.20/webapps/examples has finished in 1,156 ms
04-Mar-2015 18:37:13.113 INFO [localhost-startStop-1] org.apache.catalina.startup.HostConfig.deployDirectory Deploying web application directory /Users/hannes/ownCloud/software and security/trainings/evil-tomcat-8.0.20/webapps/host-manager
04-Mar-2015 18:37:13.214 INFO [localhost-startStop-1] org.apache.catalina.startup.HostConfig.deployDirectory Deployment of web application directory /Users/hannes/ownCloud/software and security/trainings/evil-tomcat-8.0.20/webapps/host-manager has finished in 101 ms
04-Mar-2015 18:37:13.215 INFO [localhost-startStop-1] org.apache.catalina.startup.HostConfig.deployDirectory Deploying web application directory /Users/hannes/ownCloud/software and security/trainings/evil-tomcat-8.0.20/webapps/manager
04-Mar-2015 18:37:13.269 INFO [localhost-startStop-1] org.apache.catalina.startup.HostConfig.deployDirectory Deployment of web application directory /Users/hannes/ownCloud/software and security/trainings/evil-tomcat-8.0.20/webapps/manager has finished in 54 ms
04-Mar-2015 18:37:13.269 INFO [localhost-startStop-1] org.apache.catalina.startup.HostConfig.deployDirectory Deploying web application directory /Users/hannes/ownCloud/software and security/trainings/evil-tomcat-8.0.20/webapps/ROOT
04-Mar-2015 18:37:13.330 INFO [localhost-startStop-1] org.apache.catalina.startup.HostConfig.deployDirectory Deployment of web application directory /Users/hannes/ownCloud/software and security/trainings/evil-tomcat-8.0.20/webapps/ROOT has finished in 60 ms
04-Mar-2015 18:37:13.338 INFO [main] org.apache.coyote.AbstractProtocol.start Starting ProtocolHandler ["http-nio-8666"]
04-Mar-2015 18:37:13.352 INFO [main] org.apache.coyote.AbstractProtocol.start Starting ProtocolHandler ["ajp-nio-8009"]
04-Mar-2015 18:37:13.354 INFO [main] org.apache.catalina.startup.Catalina.start Server startup in 2901 ms
04-Mar-2015 18:37:41.599 INFO [main] org.apache.catalina.core.StandardServer.await A valid shutdown command was received via the shutdown port. Stopping the Server instance.
04-Mar-2015 18:37:41.600 INFO [main] org.apache.coyote.AbstractProtocol.pause Pausing ProtocolHandler ["http-nio-8666"]
04-Mar-2015 18:37:41.654 INFO [main] org.apache.coyote.AbstractProtocol.pause Pausing ProtocolHandler ["ajp-nio-8009"]
04-Mar-2015 18:37:41.655 INFO [main] org.apache.catalina.core.StandardService.stopInternal Stopping service Catalina
04-Mar-2015 18:37:41.743 INFO [main] org.apache.coyote.AbstractProtocol.stop Stopping ProtocolHandler ["http-nio-8666"]
04-Mar-2015 18:37:41.750 INFO [main] org.apache.coyote.AbstractProtocol.stop Stopping ProtocolHandler ["ajp-nio-8009"]
04-Mar-2015 18:37:41.751 INFO [main] org.apache.coyote.AbstractProtocol.destroy Destroying ProtocolHandler ["http-nio-8666"]
04-Mar-2015 18:37:41.752 INFO [main] org.apache.coyote.AbstractProtocol.destroy Destroying ProtocolHandler ["ajp-nio-8009"]
04-Mar-2015 18:37:55.016 INFO [main] org.apache.catalina.startup.VersionLoggerListener.log Server version:        Apache Tomcat/8.0.20
04-Mar-2015 18:37:55.019 INFO [main] org.apache.catalina.startup.VersionLoggerListener.log Server built:          Feb 15 2015 18:10:42 UTC
04-Mar-2015 18:37:55.019 INFO [main] org.apache.catalina.startup.VersionLoggerListener.log Server number:         8.0.20.0
04-Mar-2015 18:37:55.020 INFO [main] org.apache.catalina.startup.VersionLoggerListener.log OS Name:               Mac OS X
04-Mar-2015 18:37:55.020 INFO [main] org.apache.catalina.startup.VersionLoggerListener.log OS Version:            10.9.5
04-Mar-2015 18:37:55.020 INFO [main] org.apache.catalina.startup.VersionLoggerListener.log Architecture:          x86_64
04-Mar-2015 18:37:55.021 INFO [main] org.apache.catalina.startup.VersionLoggerListener.log Java Home:             /Library/Java/JavaVirtualMachines/jdk1.7.0_51.jdk/Contents/Home/jre
04-Mar-2015 18:37:55.021 INFO [main] org.apache.catalina.startup.VersionLoggerListener.log JVM Version:           1.7.0_51-b13
04-Mar-2015 18:37:55.021 INFO [main] org.apache.catalina.startup.VersionLoggerListener.log JVM Vendor:            Oracle Corporation
04-Mar-2015 18:37:55.029 INFO [main] org.apache.catalina.startup.VersionLoggerListener.log CATALINA_BASE:         /Users/hannes/ownCloud/software and security/trainings/evil-tomcat-8.0.20
04-Mar-2015 18:37:55.029 INFO [main] org.apache.catalina.startup.VersionLoggerListener.log CATALINA_HOME:         /Users/hannes/ownCloud/software and security/trainings/evil-tomcat-8.0.20
04-Mar-2015 18:37:55.030 INFO [main] org.apache.catalina.startup.VersionLoggerListener.log Command line argument: -Djava.util.logging.config.file=/Users/hannes/ownCloud/software and security/trainings/evil-tomcat-8.0.20/conf/logging.properties
04-Mar-2015 18:37:55.030 INFO [main] org.apache.catalina.startup.VersionLoggerListener.log Command line argument: -Djava.util.logging.manager=org.apache.juli.ClassLoaderLogManager
04-Mar-2015 18:37:55.030 INFO [main] org.apache.catalina.startup.VersionLoggerListener.log Command line argument: -Djava.endorsed.dirs=/Users/hannes/ownCloud/software and security/trainings/evil-tomcat-8.0.20/endorsed
04-Mar-2015 18:37:55.030 INFO [main] org.apache.catalina.startup.VersionLoggerListener.log Command line argument: -Dcatalina.base=/Users/hannes/ownCloud/software and security/trainings/evil-tomcat-8.0.20
04-Mar-2015 18:37:55.030 INFO [main] org.apache.catalina.startup.VersionLoggerListener.log Command line argument: -Dcatalina.home=/Users/hannes/ownCloud/software and security/trainings/evil-tomcat-8.0.20
04-Mar-2015 18:37:55.031 INFO [main] org.apache.catalina.startup.VersionLoggerListener.log Command line argument: -Djava.io.tmpdir=/Users/hannes/ownCloud/software and security/trainings/evil-tomcat-8.0.20/temp
04-Mar-2015 18:37:55.031 INFO [main] org.apache.catalina.core.AprLifecycleListener.lifecycleEvent The APR based Apache Tomcat Native library which allows optimal performance in production environments was not found on the java.library.path: /Users/hannes/Library/Java/Extensions:/Library/Java/Extensions:/Network/Library/Java/Extensions:/System/Library/Java/Extensions:/usr/lib/java:.
04-Mar-2015 18:37:55.333 INFO [main] org.apache.coyote.AbstractProtocol.init Initializing ProtocolHandler ["http-nio-8666"]
04-Mar-2015 18:37:55.374 INFO [main] org.apache.tomcat.util.net.NioSelectorPool.getSharedSelector Using a shared selector for servlet write/read
04-Mar-2015 18:37:55.388 INFO [main] org.apache.coyote.AbstractProtocol.init Initializing ProtocolHandler ["ajp-nio-8009"]
04-Mar-2015 18:37:55.391 INFO [main] org.apache.tomcat.util.net.NioSelectorPool.getSharedSelector Using a shared selector for servlet write/read
04-Mar-2015 18:37:55.392 INFO [main] org.apache.catalina.startup.Catalina.load Initialization processed in 1679 ms
04-Mar-2015 18:37:55.459 INFO [main] org.apache.catalina.core.StandardService.startInternal Starting service Catalina
04-Mar-2015 18:37:55.460 INFO [main] org.apache.catalina.core.StandardEngine.startInternal Starting Servlet Engine: Apache Tomcat/8.0.20
04-Mar-2015 18:37:55.475 INFO [localhost-startStop-1] org.apache.catalina.startup.HostConfig.deployDirectory Deploying web application directory /Users/hannes/ownCloud/software and security/trainings/evil-tomcat-8.0.20/webapps/docs
04-Mar-2015 18:37:56.360 INFO [localhost-startStop-1] org.apache.catalina.startup.HostConfig.deployDirectory Deployment of web application directory /Users/hannes/ownCloud/software and security/trainings/evil-tomcat-8.0.20/webapps/docs has finished in 885 ms
04-Mar-2015 18:37:56.361 INFO [localhost-startStop-1] org.apache.catalina.startup.HostConfig.deployDirectory Deploying web application directory /Users/hannes/ownCloud/software and security/trainings/evil-tomcat-8.0.20/webapps/examples
04-Mar-2015 18:37:57.629 INFO [localhost-startStop-1] org.apache.catalina.startup.HostConfig.deployDirectory Deployment of web application directory /Users/hannes/ownCloud/software and security/trainings/evil-tomcat-8.0.20/webapps/examples has finished in 1,268 ms
04-Mar-2015 18:37:57.630 INFO [localhost-startStop-1] org.apache.catalina.startup.HostConfig.deployDirectory Deploying web application directory /Users/hannes/ownCloud/software and security/trainings/evil-tomcat-8.0.20/webapps/host-manager
04-Mar-2015 18:37:57.740 INFO [localhost-startStop-1] org.apache.catalina.startup.HostConfig.deployDirectory Deployment of web application directory /Users/hannes/ownCloud/software and security/trainings/evil-tomcat-8.0.20/webapps/host-manager has finished in 111 ms
04-Mar-2015 18:37:57.740 INFO [localhost-startStop-1] org.apache.catalina.startup.HostConfig.deployDirectory Deploying web application directory /Users/hannes/ownCloud/software and security/trainings/evil-tomcat-8.0.20/webapps/manager
04-Mar-2015 18:37:57.848 INFO [localhost-startStop-1] org.apache.catalina.startup.HostConfig.deployDirectory Deployment of web application directory /Users/hannes/ownCloud/software and security/trainings/evil-tomcat-8.0.20/webapps/manager has finished in 107 ms
04-Mar-2015 18:37:57.848 INFO [localhost-startStop-1] org.apache.catalina.startup.HostConfig.deployDirectory Deploying web application directory /Users/hannes/ownCloud/software and security/trainings/evil-tomcat-8.0.20/webapps/ROOT
04-Mar-2015 18:37:57.947 INFO [localhost-startStop-1] org.apache.catalina.startup.HostConfig.deployDirectory Deployment of web application directory /Users/hannes/ownCloud/software and security/trainings/evil-tomcat-8.0.20/webapps/ROOT has finished in 99 ms
04-Mar-2015 18:37:57.970 INFO [main] org.apache.coyote.AbstractProtocol.start Starting ProtocolHandler ["http-nio-8666"]
04-Mar-2015 18:37:57.982 INFO [main] org.apache.coyote.AbstractProtocol.start Starting ProtocolHandler ["ajp-nio-8009"]
04-Mar-2015 18:37:57.983 INFO [main] org.apache.catalina.startup.Catalina.start Server startup in 2589 ms
04-Mar-2015 18:38:17.965 INFO [ContainerBackgroundProcessor[StandardEngine[Catalina]]] org.apache.catalina.startup.HostConfig.reload Reloading context []
04-Mar-2015 18:38:17.965 INFO [ContainerBackgroundProcessor[StandardEngine[Catalina]]] org.apache.catalina.core.StandardContext.reload Reloading Context with name [] has started
04-Mar-2015 18:38:18.025 INFO [ContainerBackgroundProcessor[StandardEngine[Catalina]]] org.apache.catalina.core.StandardContext.reload Reloading Context with name [] is completed
04-Mar-2015 18:38:38.041 INFO [localhost-startStop-2] org.apache.catalina.startup.HostConfig.deployDirectory Deploying web application directory /Users/hannes/ownCloud/software and security/trainings/evil-tomcat-8.0.20/webapps/logger
04-Mar-2015 18:38:38.084 INFO [localhost-startStop-2] org.apache.catalina.startup.HostConfig.deployDirectory Deployment of web application directory /Users/hannes/ownCloud/software and security/trainings/evil-tomcat-8.0.20/webapps/logger has finished in 43 ms
04-Mar-2015 18:57:19.532 INFO [ContainerBackgroundProcessor[StandardEngine[Catalina]]] org.apache.catalina.startup.HostConfig.undeploy Undeploying context [/host-manager]
04-Mar-2015 18:57:20.068 INFO [ContainerBackgroundProcessor[StandardEngine[Catalina]]] org.apache.catalina.startup.HostConfig.undeploy Undeploying context [/docs]
04-Mar-2015 18:57:20.580 INFO [ContainerBackgroundProcessor[StandardEngine[Catalina]]] org.apache.catalina.startup.HostConfig.undeploy Undeploying context [/examples]
04-Mar-2015 18:57:31.108 INFO [ContainerBackgroundProcessor[StandardEngine[Catalina]]] org.apache.catalina.startup.HostConfig.undeploy Undeploying context [/manager]
04-Mar-2015 18:57:51.141 INFO [localhost-startStop-3] org.apache.catalina.startup.HostConfig.deployDirectory Deploying web application directory /Users/hannes/ownCloud/software and security/trainings/evil-tomcat-8.0.20/webapps/untitled folder
04-Mar-2015 18:57:51.205 INFO [localhost-startStop-3] org.apache.catalina.startup.HostConfig.deployDirectory Deployment of web application directory /Users/hannes/ownCloud/software and security/trainings/evil-tomcat-8.0.20/webapps/untitled folder has finished in 64 ms
04-Mar-2015 18:58:01.711 INFO [ContainerBackgroundProcessor[StandardEngine[Catalina]]] org.apache.catalina.startup.HostConfig.undeploy Undeploying context [/untitled folder]
04-Mar-2015 18:58:01.726 INFO [localhost-startStop-4] org.apache.catalina.startup.HostConfig.deployDirectory Deploying web application directory /Users/hannes/ownCloud/software and security/trainings/evil-tomcat-8.0.20/webapps/xss
04-Mar-2015 18:58:01.770 INFO [localhost-startStop-4] org.apache.catalina.startup.HostConfig.deployDirectory Deployment of web application directory /Users/hannes/ownCloud/software and security/trainings/evil-tomcat-8.0.20/webapps/xss has finished in 44 ms
04-Mar-2015 19:11:00.246 INFO [main] org.apache.catalina.core.StandardServer.await A valid shutdown command was received via the shutdown port. Stopping the Server instance.
04-Mar-2015 19:11:00.252 INFO [main] org.apache.coyote.AbstractProtocol.pause Pausing ProtocolHandler ["http-nio-8666"]
04-Mar-2015 19:11:00.312 INFO [main] org.apache.coyote.AbstractProtocol.pause Pausing ProtocolHandler ["ajp-nio-8009"]
04-Mar-2015 19:11:00.363 INFO [main] org.apache.catalina.core.StandardService.stopInternal Stopping service Catalina
04-Mar-2015 19:11:00.414 INFO [main] org.apache.coyote.AbstractProtocol.stop Stopping ProtocolHandler ["http-nio-8666"]
04-Mar-2015 19:11:00.464 INFO [main] org.apache.coyote.AbstractProtocol.stop Stopping ProtocolHandler ["ajp-nio-8009"]
04-Mar-2015 19:11:00.511 INFO [main] org.apache.coyote.AbstractProtocol.destroy Destroying ProtocolHandler ["http-nio-8666"]
04-Mar-2015 19:11:00.512 INFO [main] org.apache.coyote.AbstractProtocol.destroy Destroying ProtocolHandler ["ajp-nio-8009"]
