07-Mar-2015 07:04:33.747 INFO [main] org.apache.catalina.startup.VersionLoggerListener.log Server version:        Apache Tomcat/8.0.20
07-Mar-2015 07:04:33.777 INFO [main] org.apache.catalina.startup.VersionLoggerListener.log Server built:          Feb 15 2015 18:10:42 UTC
07-Mar-2015 07:04:33.777 INFO [main] org.apache.catalina.startup.VersionLoggerListener.log Server number:         8.0.20.0
07-Mar-2015 07:04:33.778 INFO [main] org.apache.catalina.startup.VersionLoggerListener.log OS Name:               Mac OS X
07-Mar-2015 07:04:33.778 INFO [main] org.apache.catalina.startup.VersionLoggerListener.log OS Version:            10.9.5
07-Mar-2015 07:04:33.778 INFO [main] org.apache.catalina.startup.VersionLoggerListener.log Architecture:          x86_64
07-Mar-2015 07:04:33.779 INFO [main] org.apache.catalina.startup.VersionLoggerListener.log Java Home:             /Library/Java/JavaVirtualMachines/jdk1.7.0_51.jdk/Contents/Home/jre
07-Mar-2015 07:04:33.779 INFO [main] org.apache.catalina.startup.VersionLoggerListener.log JVM Version:           1.7.0_51-b13
07-Mar-2015 07:04:33.779 INFO [main] org.apache.catalina.startup.VersionLoggerListener.log JVM Vendor:            Oracle Corporation
07-Mar-2015 07:04:33.780 INFO [main] org.apache.catalina.startup.VersionLoggerListener.log CATALINA_BASE:         /Users/hannes/ownCloud/software and security/trainings/attacat-8666
07-Mar-2015 07:04:33.780 INFO [main] org.apache.catalina.startup.VersionLoggerListener.log CATALINA_HOME:         /Users/hannes/ownCloud/software and security/trainings/attacat-8666
07-Mar-2015 07:04:33.781 INFO [main] org.apache.catalina.startup.VersionLoggerListener.log Command line argument: -Djava.util.logging.config.file=/Users/hannes/ownCloud/software and security/trainings/attacat-8666/conf/logging.properties
07-Mar-2015 07:04:33.781 INFO [main] org.apache.catalina.startup.VersionLoggerListener.log Command line argument: -Djava.util.logging.manager=org.apache.juli.ClassLoaderLogManager
07-Mar-2015 07:04:33.782 INFO [main] org.apache.catalina.startup.VersionLoggerListener.log Command line argument: -Djava.endorsed.dirs=/Users/hannes/ownCloud/software and security/trainings/attacat-8666/endorsed
07-Mar-2015 07:04:33.782 INFO [main] org.apache.catalina.startup.VersionLoggerListener.log Command line argument: -Dcatalina.base=/Users/hannes/ownCloud/software and security/trainings/attacat-8666
07-Mar-2015 07:04:33.782 INFO [main] org.apache.catalina.startup.VersionLoggerListener.log Command line argument: -Dcatalina.home=/Users/hannes/ownCloud/software and security/trainings/attacat-8666
07-Mar-2015 07:04:33.782 INFO [main] org.apache.catalina.startup.VersionLoggerListener.log Command line argument: -Djava.io.tmpdir=/Users/hannes/ownCloud/software and security/trainings/attacat-8666/temp
07-Mar-2015 07:04:33.782 INFO [main] org.apache.catalina.core.AprLifecycleListener.lifecycleEvent The APR based Apache Tomcat Native library which allows optimal performance in production environments was not found on the java.library.path: /Users/hannes/Library/Java/Extensions:/Library/Java/Extensions:/Network/Library/Java/Extensions:/System/Library/Java/Extensions:/usr/lib/java:.
07-Mar-2015 07:04:34.497 INFO [main] org.apache.coyote.AbstractProtocol.init Initializing ProtocolHandler ["http-nio-8666"]
07-Mar-2015 07:04:34.580 INFO [main] org.apache.tomcat.util.net.NioSelectorPool.getSharedSelector Using a shared selector for servlet write/read
07-Mar-2015 07:04:34.586 INFO [main] org.apache.coyote.AbstractProtocol.init Initializing ProtocolHandler ["ajp-nio-8009"]
07-Mar-2015 07:04:34.589 INFO [main] org.apache.tomcat.util.net.NioSelectorPool.getSharedSelector Using a shared selector for servlet write/read
07-Mar-2015 07:04:34.590 INFO [main] org.apache.catalina.startup.Catalina.load Initialization processed in 3256 ms
07-Mar-2015 07:04:34.716 INFO [main] org.apache.catalina.core.StandardService.startInternal Starting service Catalina
07-Mar-2015 07:04:34.717 INFO [main] org.apache.catalina.core.StandardEngine.startInternal Starting Servlet Engine: Apache Tomcat/8.0.20
07-Mar-2015 07:04:34.747 INFO [localhost-startStop-1] org.apache.catalina.startup.HostConfig.deployDirectory Deploying web application directory /Users/hannes/ownCloud/software and security/trainings/attacat-8666/webapps/logger
07-Mar-2015 07:04:36.399 INFO [localhost-startStop-1] org.apache.catalina.util.SessionIdGeneratorBase.createSecureRandom Creation of SecureRandom instance for session ID generation using [SHA1PRNG] took [299] milliseconds.
07-Mar-2015 07:04:36.437 INFO [localhost-startStop-1] org.apache.catalina.startup.HostConfig.deployDirectory Deployment of web application directory /Users/hannes/ownCloud/software and security/trainings/attacat-8666/webapps/logger has finished in 1,690 ms
07-Mar-2015 07:04:36.438 INFO [localhost-startStop-1] org.apache.catalina.startup.HostConfig.deployDirectory Deploying web application directory /Users/hannes/ownCloud/software and security/trainings/attacat-8666/webapps/ROOT
07-Mar-2015 07:04:36.786 INFO [localhost-startStop-1] org.apache.catalina.startup.HostConfig.deployDirectory Deployment of web application directory /Users/hannes/ownCloud/software and security/trainings/attacat-8666/webapps/ROOT has finished in 348 ms
07-Mar-2015 07:04:36.788 INFO [localhost-startStop-1] org.apache.catalina.startup.HostConfig.deployDirectory Deploying web application directory /Users/hannes/ownCloud/software and security/trainings/attacat-8666/webapps/surfer
07-Mar-2015 07:04:36.940 INFO [localhost-startStop-1] org.apache.catalina.startup.HostConfig.deployDirectory Deployment of web application directory /Users/hannes/ownCloud/software and security/trainings/attacat-8666/webapps/surfer has finished in 152 ms
07-Mar-2015 07:04:36.941 INFO [localhost-startStop-1] org.apache.catalina.startup.HostConfig.deployDirectory Deploying web application directory /Users/hannes/ownCloud/software and security/trainings/attacat-8666/webapps/xss
07-Mar-2015 07:04:37.017 INFO [localhost-startStop-1] org.apache.catalina.startup.HostConfig.deployDirectory Deployment of web application directory /Users/hannes/ownCloud/software and security/trainings/attacat-8666/webapps/xss has finished in 76 ms
07-Mar-2015 07:04:37.023 INFO [main] org.apache.coyote.AbstractProtocol.start Starting ProtocolHandler ["http-nio-8666"]
07-Mar-2015 07:04:37.033 INFO [main] org.apache.coyote.AbstractProtocol.start Starting ProtocolHandler ["ajp-nio-8009"]
07-Mar-2015 07:04:37.034 INFO [main] org.apache.catalina.startup.Catalina.start Server startup in 2443 ms
